[Appium] Welcome to Appium v1.7.1
[Appium] Non-default server args:
[Appium]   port: 51920
[Appium]   loglevel: info
[Appium]   chromeDriverPort: 51921
[Appium]   tmpDir: C:\Users\DENGUY~1\AppData\Local\Temp\\Katalon\Appium\Temp1543013661617
[Appium] Appium REST http interface listener started on 0.0.0.0:51920
[HTTP] --> GET /wd/hub/status {}
[HTTP] <-- GET /wd/hub/status 200 47 ms - 83 
[HTTP] --> GET /wd/hub/status {}
[HTTP] <-- GET /wd/hub/status 200 44 ms - 83 
[HTTP] --> POST /wd/hub/session {"desiredCapabilities":{"app":"C:\\Users\\DENGUYEN-97\\Desktop\\KCPM\\app-debug.apk","autoGrantPermissions":true,"deviceName":"unknown Google Nexus 5 - 5.1.0 - API 22 - 1080x1920 (Android 5.1)","fullReset":false,"newCommandTimeout":1800,"noReset":true,"platform":"ANDROID","platformName":"Android","udid":"192.168.39.101:5555"},"capabilities":{"desiredCapabilities":{"app":"C:\\Users\\DENGUYEN-97\\Desktop\\KCPM\\app-debug.apk","autoGrantPermissions":true,"deviceName":"unknown Google Nexus 5 - 5.1.0 - API 22 - 1080x1920 (Android 5.1)","fullReset":false,"newCommandTimeout":1800,"noReset":true,"platform":"ANDROID","platformName":"Android","udid":"192.168.39.101:5555"},"firstMatch":[{"platformName":"android"}]}}
[Appium] Creating new AndroidDriver (v1.28.1) session
[Appium] Capabilities:
[Appium]   app: 'C:\\Users\\DENGUYEN-97\\Desktop\\KCPM\\app-debug.apk'
[Appium]   autoGrantPermissions: true
[Appium]   deviceName: 'unknown Google Nexus 5 - 5.1.0 - API 22 - 1080x1920 (Android 5.1)'
[Appium]   fullReset: false
[Appium]   newCommandTimeout: 1800
[Appium]   noReset: true
[Appium]   platform: 'ANDROID'
[Appium]   platformName: 'Android'
[Appium]   udid: '192.168.39.101:5555'
[BaseDriver] The following capabilities were provided, but are not recognized by appium: platform.
[BaseDriver] Session created with session id: 06e493dd-b2c4-40b2-a8d2-7af560ed5408
[AndroidDriver] Java version is: 1.8.0_181
[ADB] Checking whether adb is present
[ADB] Using adb.exe from C:\Users\DENGUYEN-97\.katalon\tools\android_sdk\platform-tools\adb.exe
[AndroidDriver] Retrieving device list
[AndroidDriver] Using device: 192.168.39.101:5555
[ADB] Checking whether adb is present
[ADB] Using adb.exe from C:\Users\DENGUYEN-97\.katalon\tools\android_sdk\platform-tools\adb.exe
[BaseDriver] Using local app 'C:\Users\DENGUYEN-97\Desktop\KCPM\app-debug.apk'
[AndroidDriver] Starting Android session
[ADB] io.appium.settings was successfully uninstalled
[ADB] Getting device platform version
[ADB] Checking whether aapt is present
[ADB] Using aapt.exe from C:\Users\DENGUYEN-97\.katalon\tools\android_sdk\build-tools\28.0.3\aapt.exe
[ADB] Extracting package and launch activity from manifest
[AndroidDriver] Remote apk path is /data/local/tmp/d856d40b3d4ba5ff2280bd5796e69a20.apk
[ADB] Checking whether aapt is present
[ADB] Using aapt.exe from C:\Users\DENGUYEN-97\.katalon\tools\android_sdk\build-tools\28.0.3\aapt.exe
[ADB] Extracting package and launch activity from manifest
[ADB] No uiautomator process found to kill, continuing...
[AndroidBootstrap] Android bootstrap socket is now connected
[AndroidDriver] Screen already unlocked, doing nothing
[Appium] New AndroidDriver session created successfully, session 06e493dd-b2c4-40b2-a8d2-7af560ed5408 added to master session list
[HTTP] <-- POST /wd/hub/session 200 10478 ms - 1225 
[HTTP] --> GET /wd/hub/status {}
[HTTP] <-- GET /wd/hub/status 200 32 ms - 83 
[HTTP] --> POST /wd/hub/session/06e493dd-b2c4-40b2-a8d2-7af560ed5408/timeouts {"type":"implicit","ms":60000}
[HTTP] <-- POST /wd/hub/session/06e493dd-b2c4-40b2-a8d2-7af560ed5408/timeouts 200 4 ms - 76 
[HTTP] --> GET /wd/hub/session/06e493dd-b2c4-40b2-a8d2-7af560ed5408/source {}
[HTTP] <-- GET /wd/hub/session/06e493dd-b2c4-40b2-a8d2-7af560ed5408/source 200 54 ms - 8584 
[HTTP] --> GET /wd/hub/session/06e493dd-b2c4-40b2-a8d2-7af560ed5408/screenshot {}
[HTTP] <-- GET /wd/hub/session/06e493dd-b2c4-40b2-a8d2-7af560ed5408/screenshot 200 2243 ms - 104298 
[HTTP] --> GET /wd/hub/session/06e493dd-b2c4-40b2-a8d2-7af560ed5408/window/current/size {}
[HTTP] <-- GET /wd/hub/session/06e493dd-b2c4-40b2-a8d2-7af560ed5408/window/current/size 200 6 ms - 100 
[HTTP] --> POST /wd/hub/session/06e493dd-b2c4-40b2-a8d2-7af560ed5408/elements {"using":"xpath","value":"//hierarchy/android.widget.FrameLayout[1]/android.widget.LinearLayout[1]/android.widget.FrameLayout[1]/android.widget.LinearLayout[1]/android.widget.FrameLayout[1]/android.view.View[1]/android.widget.LinearLayout[1]/android.widget.LinearLayout[2]/android.widget.FrameLayout[1]/android.widget.EditText[1]"}
[HTTP] <-- POST /wd/hub/session/06e493dd-b2c4-40b2-a8d2-7af560ed5408/elements 200 30 ms - 89 
[HTTP] --> GET /wd/hub/session/06e493dd-b2c4-40b2-a8d2-7af560ed5408 {}
[HTTP] <-- GET /wd/hub/session/06e493dd-b2c4-40b2-a8d2-7af560ed5408 200 1 ms - 1225 
[HTTP] --> GET /wd/hub/session/06e493dd-b2c4-40b2-a8d2-7af560ed5408 {}
[HTTP] <-- GET /wd/hub/session/06e493dd-b2c4-40b2-a8d2-7af560ed5408 200 1 ms - 1225 
[HTTP] --> GET /wd/hub/session/06e493dd-b2c4-40b2-a8d2-7af560ed5408 {}
[HTTP] <-- GET /wd/hub/session/06e493dd-b2c4-40b2-a8d2-7af560ed5408 200 1 ms - 1225 
[HTTP] --> GET /wd/hub/session/06e493dd-b2c4-40b2-a8d2-7af560ed5408 {}
[HTTP] <-- GET /wd/hub/session/06e493dd-b2c4-40b2-a8d2-7af560ed5408 200 1 ms - 1225 
[HTTP] --> GET /wd/hub/session/06e493dd-b2c4-40b2-a8d2-7af560ed5408/element/1/location {}
[HTTP] <-- GET /wd/hub/session/06e493dd-b2c4-40b2-a8d2-7af560ed5408/element/1/location 200 12 ms - 88 
[HTTP] --> POST /wd/hub/session/06e493dd-b2c4-40b2-a8d2-7af560ed5408/element/1/clear {"id":"1"}
[HTTP] <-- POST /wd/hub/session/06e493dd-b2c4-40b2-a8d2-7af560ed5408/element/1/clear 200 1904 ms - 76 
[HTTP] --> POST /wd/hub/session/06e493dd-b2c4-40b2-a8d2-7af560ed5408/element/1/value {"id":"1","value":["123456"]}
[HTTP] <-- POST /wd/hub/session/06e493dd-b2c4-40b2-a8d2-7af560ed5408/element/1/value 200 4778 ms - 76 
[HTTP] --> GET /wd/hub/session/06e493dd-b2c4-40b2-a8d2-7af560ed5408/source {}
[HTTP] <-- GET /wd/hub/session/06e493dd-b2c4-40b2-a8d2-7af560ed5408/source 200 35 ms - 8584 
[HTTP] --> GET /wd/hub/session/06e493dd-b2c4-40b2-a8d2-7af560ed5408/screenshot {}
[HTTP] <-- GET /wd/hub/session/06e493dd-b2c4-40b2-a8d2-7af560ed5408/screenshot 200 1983 ms - 105234 
[HTTP] --> GET /wd/hub/session/06e493dd-b2c4-40b2-a8d2-7af560ed5408/window/current/size {}
[HTTP] <-- GET /wd/hub/session/06e493dd-b2c4-40b2-a8d2-7af560ed5408/window/current/size 200 4 ms - 100 
[HTTP] --> POST /wd/hub/session/06e493dd-b2c4-40b2-a8d2-7af560ed5408/elements {"using":"xpath","value":"//hierarchy/android.widget.FrameLayout[1]/android.widget.LinearLayout[1]/android.widget.FrameLayout[1]/android.widget.LinearLayout[1]/android.widget.FrameLayout[1]/android.view.View[1]/android.widget.LinearLayout[1]/android.widget.Button[1]"}
[HTTP] <-- POST /wd/hub/session/06e493dd-b2c4-40b2-a8d2-7af560ed5408/elements 200 38 ms - 89 
[HTTP] --> GET /wd/hub/session/06e493dd-b2c4-40b2-a8d2-7af560ed5408 {}
[HTTP] <-- GET /wd/hub/session/06e493dd-b2c4-40b2-a8d2-7af560ed5408 200 3 ms - 1225 
[HTTP] --> GET /wd/hub/session/06e493dd-b2c4-40b2-a8d2-7af560ed5408 {}
[HTTP] <-- GET /wd/hub/session/06e493dd-b2c4-40b2-a8d2-7af560ed5408 200 1 ms - 1225 
[HTTP] --> GET /wd/hub/session/06e493dd-b2c4-40b2-a8d2-7af560ed5408 {}
[HTTP] <-- GET /wd/hub/session/06e493dd-b2c4-40b2-a8d2-7af560ed5408 200 1 ms - 1225 
[HTTP] --> GET /wd/hub/session/06e493dd-b2c4-40b2-a8d2-7af560ed5408 {}
[HTTP] <-- GET /wd/hub/session/06e493dd-b2c4-40b2-a8d2-7af560ed5408 200 1 ms - 1225 
[HTTP] --> GET /wd/hub/session/06e493dd-b2c4-40b2-a8d2-7af560ed5408/element/2/location {}
[HTTP] <-- GET /wd/hub/session/06e493dd-b2c4-40b2-a8d2-7af560ed5408/element/2/location 200 17 ms - 89 
[HTTP] --> POST /wd/hub/session/06e493dd-b2c4-40b2-a8d2-7af560ed5408/touch/perform {"actions":[{"action":"tap","options":{"element":"2","x":1,"y":1}}]}
[HTTP] <-- POST /wd/hub/session/06e493dd-b2c4-40b2-a8d2-7af560ed5408/touch/perform 200 318 ms - 76 
[HTTP] --> GET /wd/hub/session/06e493dd-b2c4-40b2-a8d2-7af560ed5408/source {}
[HTTP] <-- GET /wd/hub/session/06e493dd-b2c4-40b2-a8d2-7af560ed5408/source 200 78 ms - 4627 
[HTTP] --> GET /wd/hub/session/06e493dd-b2c4-40b2-a8d2-7af560ed5408/screenshot {}
[HTTP] <-- GET /wd/hub/session/06e493dd-b2c4-40b2-a8d2-7af560ed5408/screenshot 200 2704 ms - 115130 
[HTTP] --> GET /wd/hub/session/06e493dd-b2c4-40b2-a8d2-7af560ed5408/source {}
[HTTP] <-- GET /wd/hub/session/06e493dd-b2c4-40b2-a8d2-7af560ed5408/source 200 35 ms - 9574 
[HTTP] --> GET /wd/hub/session/06e493dd-b2c4-40b2-a8d2-7af560ed5408/screenshot {}
[HTTP] <-- GET /wd/hub/session/06e493dd-b2c4-40b2-a8d2-7af560ed5408/screenshot 200 2139 ms - 76998 
[HTTP] --> GET /wd/hub/session/06e493dd-b2c4-40b2-a8d2-7af560ed5408/window/current/size {}
[HTTP] <-- GET /wd/hub/session/06e493dd-b2c4-40b2-a8d2-7af560ed5408/window/current/size 200 4 ms - 100 
[HTTP] --> POST /wd/hub/session/06e493dd-b2c4-40b2-a8d2-7af560ed5408/elements {"using":"xpath","value":"//hierarchy/android.widget.FrameLayout[1]/android.widget.LinearLayout[1]/android.widget.FrameLayout[1]/android.widget.LinearLayout[1]/android.widget.FrameLayout[1]/android.support.v4.widget.DrawerLayout[1]/android.view.View[1]/android.widget.LinearLayout[1]/android.view.View[1]/android.widget.ImageButton[1]"}
[HTTP] <-- POST /wd/hub/session/06e493dd-b2c4-40b2-a8d2-7af560ed5408/elements 200 33 ms - 89 
[HTTP] --> GET /wd/hub/session/06e493dd-b2c4-40b2-a8d2-7af560ed5408 {}
[HTTP] <-- GET /wd/hub/session/06e493dd-b2c4-40b2-a8d2-7af560ed5408 200 3 ms - 1225 
[HTTP] --> GET /wd/hub/session/06e493dd-b2c4-40b2-a8d2-7af560ed5408 {}
[HTTP] <-- GET /wd/hub/session/06e493dd-b2c4-40b2-a8d2-7af560ed5408 200 1 ms - 1225 
[HTTP] --> GET /wd/hub/session/06e493dd-b2c4-40b2-a8d2-7af560ed5408 {}
[HTTP] <-- GET /wd/hub/session/06e493dd-b2c4-40b2-a8d2-7af560ed5408 200 1 ms - 1225 
[HTTP] --> GET /wd/hub/session/06e493dd-b2c4-40b2-a8d2-7af560ed5408 {}
[HTTP] <-- GET /wd/hub/session/06e493dd-b2c4-40b2-a8d2-7af560ed5408 200 1 ms - 1225 
[HTTP] --> GET /wd/hub/session/06e493dd-b2c4-40b2-a8d2-7af560ed5408/element/3/location {}
[HTTP] <-- GET /wd/hub/session/06e493dd-b2c4-40b2-a8d2-7af560ed5408/element/3/location 200 6 ms - 86 
[HTTP] --> POST /wd/hub/session/06e493dd-b2c4-40b2-a8d2-7af560ed5408/touch/perform {"actions":[{"action":"tap","options":{"element":"3","x":1,"y":1}}]}
[HTTP] <-- POST /wd/hub/session/06e493dd-b2c4-40b2-a8d2-7af560ed5408/touch/perform 200 301 ms - 76 
[HTTP] --> GET /wd/hub/session/06e493dd-b2c4-40b2-a8d2-7af560ed5408/source {}
[HTTP] <-- GET /wd/hub/session/06e493dd-b2c4-40b2-a8d2-7af560ed5408/source 200 40 ms - 20476 
[HTTP] --> GET /wd/hub/session/06e493dd-b2c4-40b2-a8d2-7af560ed5408/screenshot {}
[HTTP] <-- GET /wd/hub/session/06e493dd-b2c4-40b2-a8d2-7af560ed5408/screenshot 200 2091 ms - 161478 
[HTTP] --> GET /wd/hub/session/06e493dd-b2c4-40b2-a8d2-7af560ed5408/window/current/size {}
[HTTP] <-- GET /wd/hub/session/06e493dd-b2c4-40b2-a8d2-7af560ed5408/window/current/size 200 6 ms - 100 
[HTTP] --> POST /wd/hub/session/06e493dd-b2c4-40b2-a8d2-7af560ed5408/elements {"using":"xpath","value":"//hierarchy/android.widget.FrameLayout[1]/android.widget.LinearLayout[1]/android.widget.FrameLayout[1]/android.widget.LinearLayout[1]/android.widget.FrameLayout[1]/android.support.v4.widget.DrawerLayout[1]/android.widget.FrameLayout[1]/android.support.v7.widget.RecyclerView[1]/android.support.v7.widget.LinearLayoutCompat[7]/android.widget.CheckedTextView[1]"}
[HTTP] <-- POST /wd/hub/session/06e493dd-b2c4-40b2-a8d2-7af560ed5408/elements 200 59 ms - 89 
[HTTP] --> GET /wd/hub/session/06e493dd-b2c4-40b2-a8d2-7af560ed5408 {}
[HTTP] <-- GET /wd/hub/session/06e493dd-b2c4-40b2-a8d2-7af560ed5408 200 2 ms - 1225 
[HTTP] --> GET /wd/hub/session/06e493dd-b2c4-40b2-a8d2-7af560ed5408 {}
[HTTP] <-- GET /wd/hub/session/06e493dd-b2c4-40b2-a8d2-7af560ed5408 200 2 ms - 1225 
[HTTP] --> GET /wd/hub/session/06e493dd-b2c4-40b2-a8d2-7af560ed5408 {}
[HTTP] <-- GET /wd/hub/session/06e493dd-b2c4-40b2-a8d2-7af560ed5408 200 1 ms - 1225 
[HTTP] --> GET /wd/hub/session/06e493dd-b2c4-40b2-a8d2-7af560ed5408 {}
[HTTP] <-- GET /wd/hub/session/06e493dd-b2c4-40b2-a8d2-7af560ed5408 200 2 ms - 1225 
[HTTP] --> GET /wd/hub/session/06e493dd-b2c4-40b2-a8d2-7af560ed5408/element/4/location {}
[HTTP] <-- GET /wd/hub/session/06e493dd-b2c4-40b2-a8d2-7af560ed5408/element/4/location 200 8 ms - 89 
[HTTP] --> POST /wd/hub/session/06e493dd-b2c4-40b2-a8d2-7af560ed5408/touch/perform {"actions":[{"action":"tap","options":{"element":"4","x":1,"y":1}}]}
[HTTP] <-- POST /wd/hub/session/06e493dd-b2c4-40b2-a8d2-7af560ed5408/touch/perform 200 517 ms - 76 
[HTTP] --> GET /wd/hub/session/06e493dd-b2c4-40b2-a8d2-7af560ed5408/source {}
[HTTP] <-- GET /wd/hub/session/06e493dd-b2c4-40b2-a8d2-7af560ed5408/source 200 59 ms - 17018 
[HTTP] --> GET /wd/hub/session/06e493dd-b2c4-40b2-a8d2-7af560ed5408/screenshot {}
[HTTP] <-- GET /wd/hub/session/06e493dd-b2c4-40b2-a8d2-7af560ed5408/screenshot 200 2259 ms - 184006 
[HTTP] --> GET /wd/hub/session/06e493dd-b2c4-40b2-a8d2-7af560ed5408/window/current/size {}
[HTTP] <-- GET /wd/hub/session/06e493dd-b2c4-40b2-a8d2-7af560ed5408/window/current/size 200 6 ms - 100 
[HTTP] --> POST /wd/hub/session/06e493dd-b2c4-40b2-a8d2-7af560ed5408/elements {"using":"xpath","value":"//hierarchy/android.widget.FrameLayout[1]/android.widget.LinearLayout[1]/android.widget.FrameLayout[1]/android.widget.LinearLayout[1]/android.widget.FrameLayout[1]/android.support.v4.widget.DrawerLayout[1]/android.view.View[1]/android.widget.FrameLayout[1]/android.widget.FrameLayout[1]/android.widget.LinearLayout[1]/android.widget.LinearLayout[1]/android.widget.ImageView[1]"}
[HTTP] <-- POST /wd/hub/session/06e493dd-b2c4-40b2-a8d2-7af560ed5408/elements 200 50 ms - 89 
[HTTP] --> GET /wd/hub/session/06e493dd-b2c4-40b2-a8d2-7af560ed5408 {}
[HTTP] <-- GET /wd/hub/session/06e493dd-b2c4-40b2-a8d2-7af560ed5408 200 1 ms - 1225 
[HTTP] --> GET /wd/hub/session/06e493dd-b2c4-40b2-a8d2-7af560ed5408 {}
[HTTP] <-- GET /wd/hub/session/06e493dd-b2c4-40b2-a8d2-7af560ed5408 200 3 ms - 1225 
[HTTP] --> GET /wd/hub/session/06e493dd-b2c4-40b2-a8d2-7af560ed5408 {}
[HTTP] <-- GET /wd/hub/session/06e493dd-b2c4-40b2-a8d2-7af560ed5408 200 1 ms - 1225 
[HTTP] --> GET /wd/hub/session/06e493dd-b2c4-40b2-a8d2-7af560ed5408 {}
[HTTP] <-- GET /wd/hub/session/06e493dd-b2c4-40b2-a8d2-7af560ed5408 200 1 ms - 1225 
[HTTP] --> GET /wd/hub/session/06e493dd-b2c4-40b2-a8d2-7af560ed5408/element/5/location {}
[HTTP] <-- GET /wd/hub/session/06e493dd-b2c4-40b2-a8d2-7af560ed5408/element/5/location 200 8 ms - 89 
[HTTP] --> POST /wd/hub/session/06e493dd-b2c4-40b2-a8d2-7af560ed5408/touch/perform {"actions":[{"action":"tap","options":{"element":"5","x":1,"y":1}}]}
[HTTP] <-- POST /wd/hub/session/06e493dd-b2c4-40b2-a8d2-7af560ed5408/touch/perform 200 565 ms - 76 
[HTTP] --> GET /wd/hub/session/06e493dd-b2c4-40b2-a8d2-7af560ed5408/source {}
[HTTP] <-- GET /wd/hub/session/06e493dd-b2c4-40b2-a8d2-7af560ed5408/source 200 22 ms - 8821 
[HTTP] --> GET /wd/hub/session/06e493dd-b2c4-40b2-a8d2-7af560ed5408/screenshot {}
[HTTP] <-- GET /wd/hub/session/06e493dd-b2c4-40b2-a8d2-7af560ed5408/screenshot 200 2327 ms - 209314 
[HTTP] --> GET /wd/hub/session/06e493dd-b2c4-40b2-a8d2-7af560ed5408/window/current/size {}
[HTTP] <-- GET /wd/hub/session/06e493dd-b2c4-40b2-a8d2-7af560ed5408/window/current/size 200 5 ms - 100 
[HTTP] --> POST /wd/hub/session/06e493dd-b2c4-40b2-a8d2-7af560ed5408/elements {"using":"xpath","value":"//hierarchy/android.widget.FrameLayout[1]/android.widget.LinearLayout[1]/android.widget.FrameLayout[1]/android.widget.FrameLayout[1]/android.widget.FrameLayout[1]/android.support.v7.widget.LinearLayoutCompat[1]/android.widget.FrameLayout[1]/android.widget.FrameLayout[1]/android.widget.LinearLayout[1]/android.widget.LinearLayout[1]/android.widget.LinearLayout[1]/android.widget.TextView[1]"}
[HTTP] <-- POST /wd/hub/session/06e493dd-b2c4-40b2-a8d2-7af560ed5408/elements 200 35 ms - 89 
[HTTP] --> GET /wd/hub/session/06e493dd-b2c4-40b2-a8d2-7af560ed5408 {}
[HTTP] <-- GET /wd/hub/session/06e493dd-b2c4-40b2-a8d2-7af560ed5408 200 2 ms - 1225 
[HTTP] --> GET /wd/hub/session/06e493dd-b2c4-40b2-a8d2-7af560ed5408 {}
[HTTP] <-- GET /wd/hub/session/06e493dd-b2c4-40b2-a8d2-7af560ed5408 200 2 ms - 1225 
[HTTP] --> GET /wd/hub/session/06e493dd-b2c4-40b2-a8d2-7af560ed5408 {}
[HTTP] <-- GET /wd/hub/session/06e493dd-b2c4-40b2-a8d2-7af560ed5408 200 1 ms - 1225 
[HTTP] --> GET /wd/hub/session/06e493dd-b2c4-40b2-a8d2-7af560ed5408 {}
[HTTP] <-- GET /wd/hub/session/06e493dd-b2c4-40b2-a8d2-7af560ed5408 200 1 ms - 1225 
[HTTP] --> GET /wd/hub/session/06e493dd-b2c4-40b2-a8d2-7af560ed5408/element/6/location {}
[HTTP] <-- GET /wd/hub/session/06e493dd-b2c4-40b2-a8d2-7af560ed5408/element/6/location 200 6 ms - 89 
[HTTP] --> POST /wd/hub/session/06e493dd-b2c4-40b2-a8d2-7af560ed5408/touch/perform {"actions":[{"action":"tap","options":{"element":"6","x":1,"y":1}}]}
[HTTP] <-- POST /wd/hub/session/06e493dd-b2c4-40b2-a8d2-7af560ed5408/touch/perform 200 1512 ms - 76 
[HTTP] --> GET /wd/hub/session/06e493dd-b2c4-40b2-a8d2-7af560ed5408/source {}
[HTTP] <-- GET /wd/hub/session/06e493dd-b2c4-40b2-a8d2-7af560ed5408/source 200 36 ms - 6209 
[HTTP] --> GET /wd/hub/session/06e493dd-b2c4-40b2-a8d2-7af560ed5408/screenshot {}
[HTTP] <-- GET /wd/hub/session/06e493dd-b2c4-40b2-a8d2-7af560ed5408/screenshot 200 2643 ms - 198866 
[HTTP] --> GET /wd/hub/session/06e493dd-b2c4-40b2-a8d2-7af560ed5408/source {}
[HTTP] <-- GET /wd/hub/session/06e493dd-b2c4-40b2-a8d2-7af560ed5408/source 200 27 ms - 4526 
[HTTP] --> GET /wd/hub/session/06e493dd-b2c4-40b2-a8d2-7af560ed5408/screenshot {}
[HTTP] <-- GET /wd/hub/session/06e493dd-b2c4-40b2-a8d2-7af560ed5408/screenshot 200 2957 ms - 706018 
[HTTP] --> GET /wd/hub/session/06e493dd-b2c4-40b2-a8d2-7af560ed5408/window/current/size {}
[HTTP] <-- GET /wd/hub/session/06e493dd-b2c4-40b2-a8d2-7af560ed5408/window/current/size 200 5 ms - 100 
[HTTP] --> POST /wd/hub/session/06e493dd-b2c4-40b2-a8d2-7af560ed5408/elements {"using":"xpath","value":"//hierarchy/android.widget.FrameLayout[1]/android.view.View[1]/android.widget.FrameLayout[1]/android.view.View[1]/android.widget.TextView[1]"}
[HTTP] <-- POST /wd/hub/session/06e493dd-b2c4-40b2-a8d2-7af560ed5408/elements 200 22 ms - 89 
[HTTP] --> GET /wd/hub/session/06e493dd-b2c4-40b2-a8d2-7af560ed5408 {}
[HTTP] <-- GET /wd/hub/session/06e493dd-b2c4-40b2-a8d2-7af560ed5408 200 1 ms - 1225 
[HTTP] --> GET /wd/hub/session/06e493dd-b2c4-40b2-a8d2-7af560ed5408 {}
[HTTP] <-- GET /wd/hub/session/06e493dd-b2c4-40b2-a8d2-7af560ed5408 200 3 ms - 1225 
[HTTP] --> GET /wd/hub/session/06e493dd-b2c4-40b2-a8d2-7af560ed5408 {}
[HTTP] <-- GET /wd/hub/session/06e493dd-b2c4-40b2-a8d2-7af560ed5408 200 1 ms - 1225 
[HTTP] --> GET /wd/hub/session/06e493dd-b2c4-40b2-a8d2-7af560ed5408 {}
[HTTP] <-- GET /wd/hub/session/06e493dd-b2c4-40b2-a8d2-7af560ed5408 200 1 ms - 1225 
[HTTP] --> GET /wd/hub/session/06e493dd-b2c4-40b2-a8d2-7af560ed5408/element/7/location {}
[HTTP] <-- GET /wd/hub/session/06e493dd-b2c4-40b2-a8d2-7af560ed5408/element/7/location 200 6 ms - 86 
[HTTP] --> POST /wd/hub/session/06e493dd-b2c4-40b2-a8d2-7af560ed5408/touch/perform {"actions":[{"action":"tap","options":{"element":"7","x":1,"y":1}}]}
[HTTP] <-- POST /wd/hub/session/06e493dd-b2c4-40b2-a8d2-7af560ed5408/touch/perform 200 126 ms - 76 
[HTTP] --> GET /wd/hub/session/06e493dd-b2c4-40b2-a8d2-7af560ed5408/source {}
[HTTP] <-- GET /wd/hub/session/06e493dd-b2c4-40b2-a8d2-7af560ed5408/source 200 309 ms - 4403 
[HTTP] --> GET /wd/hub/session/06e493dd-b2c4-40b2-a8d2-7af560ed5408/screenshot {}
[HTTP] <-- GET /wd/hub/session/06e493dd-b2c4-40b2-a8d2-7af560ed5408/screenshot 200 2578 ms - 423342 
[HTTP] --> DELETE /wd/hub/session/06e493dd-b2c4-40b2-a8d2-7af560ed5408 {}
[Appium] Removing session 06e493dd-b2c4-40b2-a8d2-7af560ed5408 from our master session list
[ADB] No uiautomator process found to kill, continuing...
